{"C:\\Users\\maxim\\Desktop\\Travail\\Code\\Packages\\TS\\bfm-rss\\dist\\lib\\index.js": {"path":"C:\\Users\\maxim\\Desktop\\Travail\\Code\\Packages\\TS\\bfm-rss\\dist\\lib\\index.js","statementMap":{"0":{"start":{"line":2,"column":16},"end":{"line":10,"column":1}},"1":{"start":{"line":3,"column":28},"end":{"line":3,"column":110}},"2":{"start":{"line":3,"column":91},"end":{"line":3,"column":106}},"3":{"start":{"line":4,"column":4},"end":{"line":9,"column":7}},"4":{"start":{"line":5,"column":36},"end":{"line":5,"column":97}},"5":{"start":{"line":5,"column":42},"end":{"line":5,"column":70}},"6":{"start":{"line":5,"column":85},"end":{"line":5,"column":95}},"7":{"start":{"line":6,"column":35},"end":{"line":6,"column":100}},"8":{"start":{"line":6,"column":41},"end":{"line":6,"column":73}},"9":{"start":{"line":6,"column":88},"end":{"line":6,"column":98}},"10":{"start":{"line":7,"column":32},"end":{"line":7,"column":116}},"11":{"start":{"line":8,"column":8},"end":{"line":8,"column":78}},"12":{"start":{"line":11,"column":22},"end":{"line":13,"column":1}},"13":{"start":{"line":12,"column":4},"end":{"line":12,"column":62}},"14":{"start":{"line":14,"column":0},"end":{"line":14,"column":62}},"15":{"start":{"line":15,"column":21},"end":{"line":15,"column":59}},"16":{"start":{"line":16,"column":21},"end":{"line":16,"column":68}},"17":{"start":{"line":18,"column":0},"end":{"line":46,"column":26}},"18":{"start":{"line":19,"column":4},"end":{"line":19,"column":37}},"19":{"start":{"line":20,"column":4},"end":{"line":20,"column":45}},"20":{"start":{"line":21,"column":4},"end":{"line":21,"column":33}},"21":{"start":{"line":22,"column":4},"end":{"line":22,"column":33}},"22":{"start":{"line":23,"column":4},"end":{"line":23,"column":33}},"23":{"start":{"line":24,"column":4},"end":{"line":24,"column":37}},"24":{"start":{"line":25,"column":4},"end":{"line":25,"column":46}},"25":{"start":{"line":27,"column":4},"end":{"line":27,"column":45}},"26":{"start":{"line":29,"column":4},"end":{"line":29,"column":25}},"27":{"start":{"line":30,"column":4},"end":{"line":30,"column":35}},"28":{"start":{"line":31,"column":4},"end":{"line":31,"column":33}},"29":{"start":{"line":32,"column":4},"end":{"line":32,"column":39}},"30":{"start":{"line":33,"column":4},"end":{"line":33,"column":41}},"31":{"start":{"line":34,"column":4},"end":{"line":34,"column":40}},"32":{"start":{"line":35,"column":4},"end":{"line":35,"column":35}},"33":{"start":{"line":38,"column":4},"end":{"line":38,"column":45}},"34":{"start":{"line":39,"column":4},"end":{"line":39,"column":31}},"35":{"start":{"line":40,"column":4},"end":{"line":40,"column":31}},"36":{"start":{"line":42,"column":4},"end":{"line":42,"column":33}},"37":{"start":{"line":43,"column":4},"end":{"line":43,"column":40}},"38":{"start":{"line":44,"column":4},"end":{"line":44,"column":36}},"39":{"start":{"line":45,"column":4},"end":{"line":45,"column":31}},"40":{"start":{"line":48,"column":4},"end":{"line":52,"column":7}},"41":{"start":{"line":49,"column":24},"end":{"line":49,"column":50}},"42":{"start":{"line":50,"column":21},"end":{"line":50,"column":59}},"43":{"start":{"line":51,"column":8},"end":{"line":51,"column":22}},"44":{"start":{"line":54,"column":0},"end":{"line":54,"column":32}},"45":{"start":{"line":60,"column":8},"end":{"line":60,"column":53}},"46":{"start":{"line":61,"column":8},"end":{"line":61,"column":49}},"47":{"start":{"line":64,"column":8},"end":{"line":67,"column":11}},"48":{"start":{"line":65,"column":25},"end":{"line":65,"column":62}},"49":{"start":{"line":66,"column":12},"end":{"line":66,"column":26}},"50":{"start":{"line":70,"column":8},"end":{"line":73,"column":11}},"51":{"start":{"line":71,"column":25},"end":{"line":71,"column":72}},"52":{"start":{"line":72,"column":12},"end":{"line":72,"column":26}},"53":{"start":{"line":76,"column":8},"end":{"line":76,"column":42}}},"fnMap":{"0":{"name":"(anonymous_0)","decl":{"start":{"line":2,"column":44},"end":{"line":2,"column":45}},"loc":{"start":{"line":2,"column":89},"end":{"line":10,"column":1}},"line":2},"1":{"name":"adopt","decl":{"start":{"line":3,"column":13},"end":{"line":3,"column":18}},"loc":{"start":{"line":3,"column":26},"end":{"line":3,"column":112}},"line":3},"2":{"name":"(anonymous_2)","decl":{"start":{"line":3,"column":70},"end":{"line":3,"column":71}},"loc":{"start":{"line":3,"column":89},"end":{"line":3,"column":108}},"line":3},"3":{"name":"(anonymous_3)","decl":{"start":{"line":4,"column":36},"end":{"line":4,"column":37}},"loc":{"start":{"line":4,"column":63},"end":{"line":9,"column":5}},"line":4},"4":{"name":"fulfilled","decl":{"start":{"line":5,"column":17},"end":{"line":5,"column":26}},"loc":{"start":{"line":5,"column":34},"end":{"line":5,"column":99}},"line":5},"5":{"name":"rejected","decl":{"start":{"line":6,"column":17},"end":{"line":6,"column":25}},"loc":{"start":{"line":6,"column":33},"end":{"line":6,"column":102}},"line":6},"6":{"name":"step","decl":{"start":{"line":7,"column":17},"end":{"line":7,"column":21}},"loc":{"start":{"line":7,"column":30},"end":{"line":7,"column":118}},"line":7},"7":{"name":"(anonymous_7)","decl":{"start":{"line":11,"column":56},"end":{"line":11,"column":57}},"loc":{"start":{"line":11,"column":71},"end":{"line":13,"column":1}},"line":11},"8":{"name":"(anonymous_8)","decl":{"start":{"line":18,"column":1},"end":{"line":18,"column":2}},"loc":{"start":{"line":18,"column":18},"end":{"line":46,"column":1}},"line":18},"9":{"name":"parseActus","decl":{"start":{"line":47,"column":9},"end":{"line":47,"column":19}},"loc":{"start":{"line":47,"column":22},"end":{"line":53,"column":1}},"line":47},"10":{"name":"(anonymous_10)","decl":{"start":{"line":48,"column":43},"end":{"line":48,"column":44}},"loc":{"start":{"line":48,"column":56},"end":{"line":52,"column":5}},"line":48},"11":{"name":"(anonymous_11)","decl":{"start":{"line":59,"column":4},"end":{"line":59,"column":5}},"loc":{"start":{"line":59,"column":18},"end":{"line":62,"column":5}},"line":59},"12":{"name":"(anonymous_12)","decl":{"start":{"line":63,"column":4},"end":{"line":63,"column":5}},"loc":{"start":{"line":63,"column":17},"end":{"line":68,"column":5}},"line":63},"13":{"name":"(anonymous_13)","decl":{"start":{"line":64,"column":47},"end":{"line":64,"column":48}},"loc":{"start":{"line":64,"column":60},"end":{"line":67,"column":9}},"line":64},"14":{"name":"(anonymous_14)","decl":{"start":{"line":69,"column":4},"end":{"line":69,"column":5}},"loc":{"start":{"line":69,"column":22},"end":{"line":74,"column":5}},"line":69},"15":{"name":"(anonymous_15)","decl":{"start":{"line":70,"column":47},"end":{"line":70,"column":48}},"loc":{"start":{"line":70,"column":60},"end":{"line":73,"column":9}},"line":70},"16":{"name":"(anonymous_16)","decl":{"start":{"line":75,"column":4},"end":{"line":75,"column":5}},"loc":{"start":{"line":75,"column":19},"end":{"line":77,"column":5}},"line":75}},"branchMap":{"0":{"loc":{"start":{"line":2,"column":16},"end":{"line":10,"column":1}},"type":"binary-expr","locations":[{"start":{"line":2,"column":17},"end":{"line":2,"column":21}},{"start":{"line":2,"column":25},"end":{"line":2,"column":39}},{"start":{"line":2,"column":44},"end":{"line":10,"column":1}}],"line":2},"1":{"loc":{"start":{"line":3,"column":35},"end":{"line":3,"column":109}},"type":"cond-expr","locations":[{"start":{"line":3,"column":56},"end":{"line":3,"column":61}},{"start":{"line":3,"column":64},"end":{"line":3,"column":109}}],"line":3},"2":{"loc":{"start":{"line":4,"column":16},"end":{"line":4,"column":34}},"type":"binary-expr","locations":[{"start":{"line":4,"column":16},"end":{"line":4,"column":17}},{"start":{"line":4,"column":22},"end":{"line":4,"column":33}}],"line":4},"3":{"loc":{"start":{"line":7,"column":32},"end":{"line":7,"column":115}},"type":"cond-expr","locations":[{"start":{"line":7,"column":46},"end":{"line":7,"column":67}},{"start":{"line":7,"column":70},"end":{"line":7,"column":115}}],"line":7},"4":{"loc":{"start":{"line":8,"column":51},"end":{"line":8,"column":67}},"type":"binary-expr","locations":[{"start":{"line":8,"column":51},"end":{"line":8,"column":61}},{"start":{"line":8,"column":65},"end":{"line":8,"column":67}}],"line":8},"5":{"loc":{"start":{"line":11,"column":22},"end":{"line":13,"column":1}},"type":"binary-expr","locations":[{"start":{"line":11,"column":23},"end":{"line":11,"column":27}},{"start":{"line":11,"column":31},"end":{"line":11,"column":51}},{"start":{"line":11,"column":56},"end":{"line":13,"column":1}}],"line":11},"6":{"loc":{"start":{"line":12,"column":11},"end":{"line":12,"column":61}},"type":"cond-expr","locations":[{"start":{"line":12,"column":37},"end":{"line":12,"column":40}},{"start":{"line":12,"column":43},"end":{"line":12,"column":61}}],"line":12},"7":{"loc":{"start":{"line":12,"column":12},"end":{"line":12,"column":33}},"type":"binary-expr","locations":[{"start":{"line":12,"column":12},"end":{"line":12,"column":15}},{"start":{"line":12,"column":19},"end":{"line":12,"column":33}}],"line":12},"8":{"loc":{"start":{"line":46,"column":3},"end":{"line":46,"column":24}},"type":"binary-expr","locations":[{"start":{"line":46,"column":3},"end":{"line":46,"column":8}},{"start":{"line":46,"column":13},"end":{"line":46,"column":23}}],"line":46}},"s":{"0":1,"1":1,"2":0,"3":1,"4":1,"5":1,"6":0,"7":0,"8":0,"9":0,"10":2,"11":1,"12":1,"13":1,"14":1,"15":1,"16":1,"17":1,"18":1,"19":1,"20":1,"21":1,"22":1,"23":1,"24":1,"25":1,"26":1,"27":1,"28":1,"29":1,"30":1,"31":1,"32":1,"33":1,"34":1,"35":1,"36":1,"37":1,"38":1,"39":1,"40":1,"41":1,"42":1,"43":1,"44":1,"45":0,"46":0,"47":0,"48":0,"49":0,"50":0,"51":0,"52":0,"53":0},"f":{"0":1,"1":1,"2":0,"3":1,"4":1,"5":0,"6":2,"7":1,"8":1,"9":1,"10":1,"11":0,"12":0,"13":0,"14":0,"15":0,"16":0},"b":{"0":[1,1,1],"1":[1,0],"2":[1,1],"3":[1,1],"4":[1,1],"5":[1,1,1],"6":[0,1],"7":[1,1],"8":[1,1]},"_coverageSchema":"1a1c01bbd47fc00a2c39e90264f33305004495a9","hash":"507ce3b02a157544573408e80976397acd398f8e"}
,"C:\\Users\\maxim\\Desktop\\Travail\\Code\\Packages\\TS\\bfm-rss\\lib\\index.ts": {"path":"C:\\Users\\maxim\\Desktop\\Travail\\Code\\Packages\\TS\\bfm-rss\\lib\\index.ts","statementMap":{"0":{"start":{"line":1,"column":0},"end":{"line":1,"column":32}},"1":{"start":{"line":3,"column":21},"end":{"line":3,"column":68}},"2":{"start":{"line":5,"column":0},"end":{"line":5,"column":null}},"3":{"start":{"line":6,"column":2},"end":{"line":6,"column":null}},"4":{"start":{"line":7,"column":2},"end":{"line":7,"column":null}},"5":{"start":{"line":8,"column":2},"end":{"line":8,"column":null}},"6":{"start":{"line":9,"column":2},"end":{"line":9,"column":null}},"7":{"start":{"line":10,"column":2},"end":{"line":10,"column":null}},"8":{"start":{"line":11,"column":2},"end":{"line":11,"column":null}},"9":{"start":{"line":12,"column":2},"end":{"line":12,"column":null}},"10":{"start":{"line":15,"column":2},"end":{"line":15,"column":null}},"11":{"start":{"line":18,"column":2},"end":{"line":18,"column":null}},"12":{"start":{"line":19,"column":2},"end":{"line":19,"column":null}},"13":{"start":{"line":20,"column":2},"end":{"line":20,"column":null}},"14":{"start":{"line":21,"column":2},"end":{"line":21,"column":null}},"15":{"start":{"line":22,"column":2},"end":{"line":22,"column":null}},"16":{"start":{"line":23,"column":2},"end":{"line":23,"column":null}},"17":{"start":{"line":24,"column":2},"end":{"line":24,"column":null}},"18":{"start":{"line":27,"column":2},"end":{"line":27,"column":null}},"19":{"start":{"line":28,"column":2},"end":{"line":28,"column":null}},"20":{"start":{"line":29,"column":2},"end":{"line":29,"column":null}},"21":{"start":{"line":32,"column":2},"end":{"line":32,"column":null}},"22":{"start":{"line":33,"column":2},"end":{"line":33,"column":null}},"23":{"start":{"line":34,"column":2},"end":{"line":34,"column":null}},"24":{"start":{"line":35,"column":2},"end":{"line":35,"column":null}},"25":{"start":{"line":117,"column":20},"end":{"line":117,"column":25}},"26":{"start":{"line":38,"column":0},"end":{"line":38,"column":null}},"27":{"start":{"line":39,"column":2},"end":{"line":39,"column":null}},"28":{"start":{"line":40,"column":2},"end":{"line":40,"column":null}},"29":{"start":{"line":41,"column":2},"end":{"line":41,"column":null}},"30":{"start":{"line":42,"column":2},"end":{"line":42,"column":null}},"31":{"start":{"line":46,"column":2},"end":{"line":56,"column":null}},"32":{"start":{"line":55,"column":4},"end":{"line":55,"column":30}},"33":{"start":{"line":58,"column":2},"end":{"line":64,"column":null}},"34":{"start":{"line":63,"column":4},"end":{"line":63,"column":28}},"35":{"start":{"line":66,"column":2},"end":{"line":73,"column":null}},"36":{"start":{"line":72,"column":4},"end":{"line":72,"column":26}},"37":{"start":{"line":75,"column":2},"end":{"line":75,"column":24}},"38":{"start":{"line":79,"column":18},"end":{"line":79,"column":30}},"39":{"start":{"line":81,"column":15},"end":{"line":81,"column":53}},"40":{"start":{"line":82,"column":2},"end":{"line":82,"column":16}},"41":{"start":{"line":117,"column":27},"end":{"line":117,"column":37}},"42":{"start":{"line":87,"column":10},"end":{"line":87,"column":38}},"43":{"start":{"line":93,"column":4},"end":{"line":93,"column":31}},"44":{"start":{"line":97,"column":16},"end":{"line":97,"column":35}},"45":{"start":{"line":99,"column":4},"end":{"line":104,"column":null}},"46":{"start":{"line":100,"column":19},"end":{"line":100,"column":50}},"47":{"start":{"line":101,"column":6},"end":{"line":101,"column":20}},"48":{"start":{"line":103,"column":6},"end":{"line":103,"column":18}},"49":{"start":{"line":108,"column":22},"end":{"line":108,"column":41}},"50":{"start":{"line":109,"column":4},"end":{"line":113,"column":null}},"51":{"start":{"line":110,"column":6},"end":{"line":110,"column":53}},"52":{"start":{"line":112,"column":6},"end":{"line":112,"column":62}},"53":{"start":{"line":117,"column":9},"end":{"line":117,"column":18}}},"fnMap":{"0":{"name":"(anonymous_8)","decl":{"start":{"line":5,"column":0},"end":{"line":5,"column":5}},"loc":{"start":{"line":5,"column":10},"end":{"line":36,"column":1}}},"1":{"name":"(anonymous_9)","decl":{"start":{"line":38,"column":0},"end":{"line":38,"column":5}},"loc":{"start":{"line":38,"column":14},"end":{"line":43,"column":1}}},"2":{"name":"getPreDomain","decl":{"start":{"line":45,"column":9},"end":{"line":45,"column":21}},"loc":{"start":{"line":45,"column":34},"end":{"line":76,"column":1}}},"3":{"name":"parseActus","decl":{"start":{"line":78,"column":15},"end":{"line":78,"column":25}},"loc":{"start":{"line":78,"column":25},"end":{"line":83,"column":null}}},"4":{"name":"(anonymous_13)","decl":{"start":{"line":92,"column":2},"end":{"line":92,"column":null}},"loc":{"start":{"line":92,"column":2},"end":{"line":94,"column":3}}},"5":{"name":"(anonymous_14)","decl":{"start":{"line":96,"column":8},"end":{"line":96,"column":18}},"loc":{"start":{"line":96,"column":31},"end":{"line":105,"column":null}}},"6":{"name":"(anonymous_16)","decl":{"start":{"line":107,"column":10},"end":{"line":107,"column":17}},"loc":{"start":{"line":107,"column":30},"end":{"line":114,"column":3}}}},"branchMap":{"0":{"loc":{"start":{"line":5,"column":5},"end":{"line":5,"column":10}},"type":"binary-expr","locations":[{"start":{"line":5,"column":5},"end":{"line":5,"column":10}},{"start":{"line":5,"column":5},"end":{"line":5,"column":null}}]},"1":{"loc":{"start":{"line":38,"column":5},"end":{"line":38,"column":14}},"type":"binary-expr","locations":[{"start":{"line":38,"column":5},"end":{"line":38,"column":14}},{"start":{"line":38,"column":5},"end":{"line":38,"column":null}}]},"2":{"loc":{"start":{"line":46,"column":2},"end":{"line":56,"column":null}},"type":"if","locations":[{"start":{"line":46,"column":2},"end":{"line":56,"column":null}},{"start":{"line":46,"column":2},"end":{"line":56,"column":null}}]},"3":{"loc":{"start":{"line":47,"column":4},"end":{"line":47,"column":22}},"type":"binary-expr","locations":[{"start":{"line":47,"column":4},"end":{"line":47,"column":22}},{"start":{"line":48,"column":4},"end":{"line":48,"column":27}},{"start":{"line":49,"column":4},"end":{"line":49,"column":26}},{"start":{"line":50,"column":4},"end":{"line":50,"column":29}},{"start":{"line":51,"column":4},"end":{"line":51,"column":30}},{"start":{"line":52,"column":4},"end":{"line":52,"column":29}},{"start":{"line":53,"column":4},"end":{"line":53,"column":27}}]},"4":{"loc":{"start":{"line":58,"column":2},"end":{"line":64,"column":null}},"type":"if","locations":[{"start":{"line":58,"column":2},"end":{"line":64,"column":null}},{"start":{"line":58,"column":2},"end":{"line":64,"column":null}}]},"5":{"loc":{"start":{"line":59,"column":4},"end":{"line":59,"column":29}},"type":"binary-expr","locations":[{"start":{"line":59,"column":4},"end":{"line":59,"column":29}},{"start":{"line":60,"column":4},"end":{"line":60,"column":25}},{"start":{"line":61,"column":4},"end":{"line":61,"column":25}}]},"6":{"loc":{"start":{"line":66,"column":2},"end":{"line":73,"column":null}},"type":"if","locations":[{"start":{"line":66,"column":2},"end":{"line":73,"column":null}},{"start":{"line":66,"column":2},"end":{"line":73,"column":null}}]},"7":{"loc":{"start":{"line":67,"column":4},"end":{"line":67,"column":26}},"type":"binary-expr","locations":[{"start":{"line":67,"column":4},"end":{"line":67,"column":26}},{"start":{"line":68,"column":4},"end":{"line":68,"column":29}},{"start":{"line":69,"column":4},"end":{"line":69,"column":25}},{"start":{"line":70,"column":4},"end":{"line":70,"column":27}}]},"8":{"loc":{"start":{"line":109,"column":4},"end":{"line":113,"column":null}},"type":"if","locations":[{"start":{"line":109,"column":4},"end":{"line":113,"column":null}},{"start":{"line":109,"column":4},"end":{"line":113,"column":null}}]}},"s":{"0":1,"1":1,"2":1,"3":1,"4":1,"5":1,"6":1,"7":1,"8":1,"9":1,"10":1,"11":1,"12":1,"13":1,"14":1,"15":1,"16":1,"17":1,"18":1,"19":1,"20":1,"21":1,"22":1,"23":1,"24":1,"25":1,"26":1,"27":1,"28":1,"29":1,"30":1,"31":3,"32":0,"33":3,"34":1,"35":2,"36":1,"37":1,"38":0,"39":0,"40":0,"41":1,"42":1,"43":1,"44":3,"45":3,"46":3,"47":3,"48":0,"49":3,"50":3,"51":1,"52":2,"53":1},"f":{"0":1,"1":1,"2":3,"3":0,"4":1,"5":3,"6":3},"b":{"0":[1,1],"1":[1,1],"2":[0,3],"3":[3,3,3,3,3,3,3],"4":[1,2],"5":[3,2,2],"6":[1,1],"7":[2,2,2,1],"8":[1,2]}}
}
