TN:
SF:dist\lib\index.js
FN:2,(anonymous_0)
FN:3,adopt
FN:3,(anonymous_2)
FN:4,(anonymous_3)
FN:5,fulfilled
FN:6,rejected
FN:7,step
FN:11,(anonymous_7)
FN:18,(anonymous_8)
FN:47,parseActus
FN:48,(anonymous_10)
FN:59,(anonymous_11)
FN:63,(anonymous_12)
FN:64,(anonymous_13)
FN:69,(anonymous_14)
FN:70,(anonymous_15)
FN:75,(anonymous_16)
FNF:17
FNH:9
FNDA:1,(anonymous_0)
FNDA:1,adopt
FNDA:0,(anonymous_2)
FNDA:1,(anonymous_3)
FNDA:1,fulfilled
FNDA:0,rejected
FNDA:2,step
FNDA:1,(anonymous_7)
FNDA:1,(anonymous_8)
FNDA:1,parseActus
FNDA:1,(anonymous_10)
FNDA:0,(anonymous_11)
FNDA:0,(anonymous_12)
FNDA:0,(anonymous_13)
FNDA:0,(anonymous_14)
FNDA:0,(anonymous_15)
FNDA:0,(anonymous_16)
DA:2,1
DA:3,1
DA:4,1
DA:5,1
DA:6,0
DA:7,2
DA:8,1
DA:11,1
DA:12,1
DA:14,1
DA:15,1
DA:16,1
DA:18,1
DA:19,1
DA:20,1
DA:21,1
DA:22,1
DA:23,1
DA:24,1
DA:25,1
DA:27,1
DA:29,1
DA:30,1
DA:31,1
DA:32,1
DA:33,1
DA:34,1
DA:35,1
DA:38,1
DA:39,1
DA:40,1
DA:42,1
DA:43,1
DA:44,1
DA:45,1
DA:48,1
DA:49,1
DA:50,1
DA:51,1
DA:54,1
DA:60,0
DA:61,0
DA:64,0
DA:65,0
DA:66,0
DA:70,0
DA:71,0
DA:72,0
DA:76,0
LF:49
LH:39
BRDA:2,0,0,1
BRDA:2,0,1,1
BRDA:2,0,2,1
BRDA:3,1,0,1
BRDA:3,1,1,0
BRDA:4,2,0,1
BRDA:4,2,1,1
BRDA:7,3,0,1
BRDA:7,3,1,1
BRDA:8,4,0,1
BRDA:8,4,1,1
BRDA:11,5,0,1
BRDA:11,5,1,1
BRDA:11,5,2,1
BRDA:12,6,0,0
BRDA:12,6,1,1
BRDA:12,7,0,1
BRDA:12,7,1,1
BRDA:46,8,0,1
BRDA:46,8,1,1
BRF:20
BRH:18
end_of_record
TN:
SF:lib\index.ts
FN:5,(anonymous_8)
FN:38,(anonymous_9)
FN:45,getPreDomain
FN:78,parseActus
FN:92,(anonymous_13)
FN:96,(anonymous_14)
FN:107,(anonymous_16)
FNF:7
FNH:6
FNDA:1,(anonymous_8)
FNDA:1,(anonymous_9)
FNDA:3,getPreDomain
FNDA:0,parseActus
FNDA:1,(anonymous_13)
FNDA:3,(anonymous_14)
FNDA:3,(anonymous_16)
DA:1,1
DA:3,1
DA:5,1
DA:6,1
DA:7,1
DA:8,1
DA:9,1
DA:10,1
DA:11,1
DA:12,1
DA:15,1
DA:18,1
DA:19,1
DA:20,1
DA:21,1
DA:22,1
DA:23,1
DA:24,1
DA:27,1
DA:28,1
DA:29,1
DA:32,1
DA:33,1
DA:34,1
DA:35,1
DA:38,1
DA:39,1
DA:40,1
DA:41,1
DA:42,1
DA:46,3
DA:55,0
DA:58,3
DA:63,1
DA:66,2
DA:72,1
DA:75,1
DA:79,0
DA:81,0
DA:82,0
DA:87,1
DA:93,1
DA:97,3
DA:99,3
DA:100,3
DA:101,3
DA:103,0
DA:108,3
DA:109,3
DA:110,1
DA:112,2
DA:117,1
LF:52
LH:47
BRDA:5,0,0,1
BRDA:5,0,1,1
BRDA:38,1,0,1
BRDA:38,1,1,1
BRDA:46,2,0,0
BRDA:46,2,1,3
BRDA:47,3,0,3
BRDA:47,3,1,3
BRDA:47,3,2,3
BRDA:47,3,3,3
BRDA:47,3,4,3
BRDA:47,3,5,3
BRDA:47,3,6,3
BRDA:58,4,0,1
BRDA:58,4,1,2
BRDA:59,5,0,3
BRDA:59,5,1,2
BRDA:59,5,2,2
BRDA:66,6,0,1
BRDA:66,6,1,1
BRDA:67,7,0,2
BRDA:67,7,1,2
BRDA:67,7,2,2
BRDA:67,7,3,1
BRDA:109,8,0,1
BRDA:109,8,1,2
BRF:26
BRH:25
end_of_record
